<?xml version="1.0" encoding="UTF-8"?>
<robot generator="Robot 7.0.1 (Python 3.12.4 on win32)" generated="2024-06-16T21:53:20.283312" rpa="false" schemaversion="5">
<suite id="s1" name="Test" source="C:\Users\Lenovo\PycharmProjects\robotframework\test\test.robot">
<test id="s1-t1" name="Login Test" line="13">
<kw name="Open Browser To Login Page">
<kw name="Open Browser">
<msg time="2024-06-16T21:53:20.823161" level="FAIL">No keyword with name 'Open Browser' found.</msg>
<arg>${URL}</arg>
<arg>${BROWSER}</arg>
<status status="FAIL" start="2024-06-16T21:53:20.823161" elapsed="0.000000">No keyword with name 'Open Browser' found.</status>
</kw>
<kw name="Maximize Browser Window">
<status status="NOT RUN" start="2024-06-16T21:53:20.823161" elapsed="0.000000"/>
</kw>
<kw name="Title Should Be">
<arg>Example Website</arg>
<status status="NOT RUN" start="2024-06-16T21:53:20.823161" elapsed="0.000000"/>
</kw>
<status status="FAIL" start="2024-06-16T21:53:20.823161" elapsed="0.000000">No keyword with name 'Open Browser' found.</status>
</kw>
<kw name="Input Username">
<status status="NOT RUN" start="2024-06-16T21:53:20.823161" elapsed="0.000000"/>
</kw>
<kw name="Input Password">
<status status="NOT RUN" start="2024-06-16T21:53:20.823161" elapsed="0.000000"/>
</kw>
<kw name="Submit Login Form">
<status status="NOT RUN" start="2024-06-16T21:53:20.823161" elapsed="0.000000"/>
</kw>
<kw name="Welcome Page Should Be Open">
<status status="NOT RUN" start="2024-06-16T21:53:20.823161" elapsed="0.000000"/>
</kw>
<status status="FAIL" start="2024-06-16T21:53:20.823161" elapsed="0.000000">No keyword with name 'Open Browser' found.</status>
</test>
<doc>Example Robot Framework Test Suite for Login Page</doc>
<status status="FAIL" start="2024-06-16T21:53:20.283312" elapsed="0.549857"/>
</suite>
<statistics>
<total>
<stat pass="0" fail="1" skip="0">All Tests</stat>
</total>
<tag>
</tag>
<suite>
<stat pass="0" fail="1" skip="0" id="s1" name="Test">Test</stat>
</suite>
</statistics>
<errors>
<msg time="2024-06-16T21:53:20.664810" level="ERROR">Error in library 'SeleniumLibrary': Adding keyword 'Get WebElement' failed: Calling dynamic method 'get_keyword_arguments' failed: AttributeError: module 'inspect' has no attribute 'getargspec'</msg>
<msg time="2024-06-16T21:53:20.664810" level="ERROR">Error in library 'SeleniumLibrary': Adding keyword 'Get WebElements' failed: Calling dynamic method 'get_keyword_arguments' failed: AttributeError: module 'inspect' has no attribute 'getargspec'</msg>
<msg time="2024-06-16T21:53:20.664810" level="ERROR">Error in library 'SeleniumLibrary': Adding keyword 'add_cookie' failed: Calling dynamic method 'get_keyword_arguments' failed: AttributeError: module 'inspect' has no attribute 'getargspec'</msg>
<msg time="2024-06-16T21:53:20.664810" level="ERROR">Error in library 'SeleniumLibrary': Adding keyword 'add_location_strategy' failed: Calling dynamic method 'get_keyword_arguments' failed: AttributeError: module 'inspect' has no attribute 'getargspec'</msg>
<msg time="2024-06-16T21:53:20.664810" level="ERROR">Error in library 'SeleniumLibrary': Adding keyword 'alert_should_be_present' failed: Calling dynamic method 'get_keyword_arguments' failed: AttributeError: module 'inspect' has no attribute 'getargspec'</msg>
<msg time="2024-06-16T21:53:20.664810" level="ERROR">Error in library 'SeleniumLibrary': Adding keyword 'alert_should_not_be_present' failed: Calling dynamic method 'get_keyword_arguments' failed: AttributeError: module 'inspect' has no attribute 'getargspec'</msg>
<msg time="2024-06-16T21:53:20.664810" level="ERROR">Error in library 'SeleniumLibrary': Adding keyword 'assign_id_to_element' failed: Calling dynamic method 'get_keyword_arguments' failed: AttributeError: module 'inspect' has no attribute 'getargspec'</msg>
<msg time="2024-06-16T21:53:20.664810" level="ERROR">Error in library 'SeleniumLibrary': Adding keyword 'capture_page_screenshot' failed: Calling dynamic method 'get_keyword_arguments' failed: AttributeError: module 'inspect' has no attribute 'getargspec'</msg>
<msg time="2024-06-16T21:53:20.664810" level="ERROR">Error in library 'SeleniumLibrary': Adding keyword 'checkbox_should_be_selected' failed: Calling dynamic method 'get_keyword_arguments' failed: AttributeError: module 'inspect' has no attribute 'getargspec'</msg>
<msg time="2024-06-16T21:53:20.664810" level="ERROR">Error in library 'SeleniumLibrary': Adding keyword 'checkbox_should_not_be_selected' failed: Calling dynamic method 'get_keyword_arguments' failed: AttributeError: module 'inspect' has no attribute 'getargspec'</msg>
<msg time="2024-06-16T21:53:20.680587" level="ERROR">Error in library 'SeleniumLibrary': Adding keyword 'choose_cancel_on_next_confirmation' failed: Calling dynamic method 'get_keyword_arguments' failed: AttributeError: module 'inspect' has no attribute 'getargspec'</msg>
<msg time="2024-06-16T21:53:20.680587" level="ERROR">Error in library 'SeleniumLibrary': Adding keyword 'choose_file' failed: Calling dynamic method 'get_keyword_arguments' failed: AttributeError: module 'inspect' has no attribute 'getargspec'</msg>
<msg time="2024-06-16T21:53:20.680587" level="ERROR">Error in library 'SeleniumLibrary': Adding keyword 'choose_ok_on_next_confirmation' failed: Calling dynamic method 'get_keyword_arguments' failed: AttributeError: module 'inspect' has no attribute 'getargspec'</msg>
<msg time="2024-06-16T21:53:20.680587" level="ERROR">Error in library 'SeleniumLibrary': Adding keyword 'clear_element_text' failed: Calling dynamic method 'get_keyword_arguments' failed: AttributeError: module 'inspect' has no attribute 'getargspec'</msg>
<msg time="2024-06-16T21:53:20.680587" level="ERROR">Error in library 'SeleniumLibrary': Adding keyword 'click_button' failed: Calling dynamic method 'get_keyword_arguments' failed: AttributeError: module 'inspect' has no attribute 'getargspec'</msg>
<msg time="2024-06-16T21:53:20.680587" level="ERROR">Error in library 'SeleniumLibrary': Adding keyword 'click_element' failed: Calling dynamic method 'get_keyword_arguments' failed: AttributeError: module 'inspect' has no attribute 'getargspec'</msg>
<msg time="2024-06-16T21:53:20.680587" level="ERROR">Error in library 'SeleniumLibrary': Adding keyword 'click_element_at_coordinates' failed: Calling dynamic method 'get_keyword_arguments' failed: AttributeError: module 'inspect' has no attribute 'getargspec'</msg>
<msg time="2024-06-16T21:53:20.680587" level="ERROR">Error in library 'SeleniumLibrary': Adding keyword 'click_image' failed: Calling dynamic method 'get_keyword_arguments' failed: AttributeError: module 'inspect' has no attribute 'getargspec'</msg>
<msg time="2024-06-16T21:53:20.680587" level="ERROR">Error in library 'SeleniumLibrary': Adding keyword 'click_link' failed: Calling dynamic method 'get_keyword_arguments' failed: AttributeError: module 'inspect' has no attribute 'getargspec'</msg>
<msg time="2024-06-16T21:53:20.680587" level="ERROR">Error in library 'SeleniumLibrary': Adding keyword 'close_all_browsers' failed: Calling dynamic method 'get_keyword_arguments' failed: AttributeError: module 'inspect' has no attribute 'getargspec'</msg>
<msg time="2024-06-16T21:53:20.680587" level="ERROR">Error in library 'SeleniumLibrary': Adding keyword 'close_browser' failed: Calling dynamic method 'get_keyword_arguments' failed: AttributeError: module 'inspect' has no attribute 'getargspec'</msg>
<msg time="2024-06-16T21:53:20.680587" level="ERROR">Error in library 'SeleniumLibrary': Adding keyword 'close_window' failed: Calling dynamic method 'get_keyword_arguments' failed: AttributeError: module 'inspect' has no attribute 'getargspec'</msg>
<msg time="2024-06-16T21:53:20.680587" level="ERROR">Error in library 'SeleniumLibrary': Adding keyword 'confirm_action' failed: Calling dynamic method 'get_keyword_arguments' failed: AttributeError: module 'inspect' has no attribute 'getargspec'</msg>
<msg time="2024-06-16T21:53:20.680587" level="ERROR">Error in library 'SeleniumLibrary': Adding keyword 'create_webdriver' failed: Calling dynamic method 'get_keyword_arguments' failed: AttributeError: module 'inspect' has no attribute 'getargspec'</msg>
<msg time="2024-06-16T21:53:20.680587" level="ERROR">Error in library 'SeleniumLibrary': Adding keyword 'current_frame_contains' failed: Calling dynamic method 'get_keyword_arguments' failed: AttributeError: module 'inspect' has no attribute 'getargspec'</msg>
<msg time="2024-06-16T21:53:20.680587" level="ERROR">Error in library 'SeleniumLibrary': Adding keyword 'current_frame_should_contain' failed: Calling dynamic method 'get_keyword_arguments' failed: AttributeError: module 'inspect' has no attribute 'getargspec'</msg>
<msg time="2024-06-16T21:53:20.680587" level="ERROR">Error in library 'SeleniumLibrary': Adding keyword 'current_frame_should_not_contain' failed: Calling dynamic method 'get_keyword_arguments' failed: AttributeError: module 'inspect' has no attribute 'getargspec'</msg>
<msg time="2024-06-16T21:53:20.680587" level="ERROR">Error in library 'SeleniumLibrary': Adding keyword 'delete_all_cookies' failed: Calling dynamic method 'get_keyword_arguments' failed: AttributeError: module 'inspect' has no attribute 'getargspec'</msg>
<msg time="2024-06-16T21:53:20.680587" level="ERROR">Error in library 'SeleniumLibrary': Adding keyword 'delete_cookie' failed: Calling dynamic method 'get_keyword_arguments' failed: AttributeError: module 'inspect' has no attribute 'getargspec'</msg>
<msg time="2024-06-16T21:53:20.696263" level="ERROR">Error in library 'SeleniumLibrary': Adding keyword 'dismiss_alert' failed: Calling dynamic method 'get_keyword_arguments' failed: AttributeError: module 'inspect' has no attribute 'getargspec'</msg>
<msg time="2024-06-16T21:53:20.696263" level="ERROR">Error in library 'SeleniumLibrary': Adding keyword 'double_click_element' failed: Calling dynamic method 'get_keyword_arguments' failed: AttributeError: module 'inspect' has no attribute 'getargspec'</msg>
<msg time="2024-06-16T21:53:20.696263" level="ERROR">Error in library 'SeleniumLibrary': Adding keyword 'drag_and_drop' failed: Calling dynamic method 'get_keyword_arguments' failed: AttributeError: module 'inspect' has no attribute 'getargspec'</msg>
<msg time="2024-06-16T21:53:20.696263" level="ERROR">Error in library 'SeleniumLibrary': Adding keyword 'drag_and_drop_by_offset' failed: Calling dynamic method 'get_keyword_arguments' failed: AttributeError: module 'inspect' has no attribute 'getargspec'</msg>
<msg time="2024-06-16T21:53:20.696263" level="ERROR">Error in library 'SeleniumLibrary': Adding keyword 'element_should_be_disabled' failed: Calling dynamic method 'get_keyword_arguments' failed: AttributeError: module 'inspect' has no attribute 'getargspec'</msg>
<msg time="2024-06-16T21:53:20.696263" level="ERROR">Error in library 'SeleniumLibrary': Adding keyword 'element_should_be_enabled' failed: Calling dynamic method 'get_keyword_arguments' failed: AttributeError: module 'inspect' has no attribute 'getargspec'</msg>
<msg time="2024-06-16T21:53:20.696263" level="ERROR">Error in library 'SeleniumLibrary': Adding keyword 'element_should_be_focused' failed: Calling dynamic method 'get_keyword_arguments' failed: AttributeError: module 'inspect' has no attribute 'getargspec'</msg>
<msg time="2024-06-16T21:53:20.696263" level="ERROR">Error in library 'SeleniumLibrary': Adding keyword 'element_should_be_visible' failed: Calling dynamic method 'get_keyword_arguments' failed: AttributeError: module 'inspect' has no attribute 'getargspec'</msg>
<msg time="2024-06-16T21:53:20.696263" level="ERROR">Error in library 'SeleniumLibrary': Adding keyword 'element_should_contain' failed: Calling dynamic method 'get_keyword_arguments' failed: AttributeError: module 'inspect' has no attribute 'getargspec'</msg>
<msg time="2024-06-16T21:53:20.696263" level="ERROR">Error in library 'SeleniumLibrary': Adding keyword 'element_should_not_be_visible' failed: Calling dynamic method 'get_keyword_arguments' failed: AttributeError: module 'inspect' has no attribute 'getargspec'</msg>
<msg time="2024-06-16T21:53:20.696263" level="ERROR">Error in library 'SeleniumLibrary': Adding keyword 'element_should_not_contain' failed: Calling dynamic method 'get_keyword_arguments' failed: AttributeError: module 'inspect' has no attribute 'getargspec'</msg>
<msg time="2024-06-16T21:53:20.696263" level="ERROR">Error in library 'SeleniumLibrary': Adding keyword 'element_text_should_be' failed: Calling dynamic method 'get_keyword_arguments' failed: AttributeError: module 'inspect' has no attribute 'getargspec'</msg>
<msg time="2024-06-16T21:53:20.696263" level="ERROR">Error in library 'SeleniumLibrary': Adding keyword 'execute_async_javascript' failed: Calling dynamic method 'get_keyword_arguments' failed: AttributeError: module 'inspect' has no attribute 'getargspec'</msg>
<msg time="2024-06-16T21:53:20.696263" level="ERROR">Error in library 'SeleniumLibrary': Adding keyword 'execute_javascript' failed: Calling dynamic method 'get_keyword_arguments' failed: AttributeError: module 'inspect' has no attribute 'getargspec'</msg>
<msg time="2024-06-16T21:53:20.696263" level="ERROR">Error in library 'SeleniumLibrary': Adding keyword 'focus' failed: Calling dynamic method 'get_keyword_arguments' failed: AttributeError: module 'inspect' has no attribute 'getargspec'</msg>
<msg time="2024-06-16T21:53:20.696263" level="ERROR">Error in library 'SeleniumLibrary': Adding keyword 'frame_should_contain' failed: Calling dynamic method 'get_keyword_arguments' failed: AttributeError: module 'inspect' has no attribute 'getargspec'</msg>
<msg time="2024-06-16T21:53:20.696263" level="ERROR">Error in library 'SeleniumLibrary': Adding keyword 'get_alert_message' failed: Calling dynamic method 'get_keyword_arguments' failed: AttributeError: module 'inspect' has no attribute 'getargspec'</msg>
<msg time="2024-06-16T21:53:20.696263" level="ERROR">Error in library 'SeleniumLibrary': Adding keyword 'get_all_links' failed: Calling dynamic method 'get_keyword_arguments' failed: AttributeError: module 'inspect' has no attribute 'getargspec'</msg>
<msg time="2024-06-16T21:53:20.696263" level="ERROR">Error in library 'SeleniumLibrary': Adding keyword 'get_cookie' failed: Calling dynamic method 'get_keyword_arguments' failed: AttributeError: module 'inspect' has no attribute 'getargspec'</msg>
<msg time="2024-06-16T21:53:20.696263" level="ERROR">Error in library 'SeleniumLibrary': Adding keyword 'get_cookie_value' failed: Calling dynamic method 'get_keyword_arguments' failed: AttributeError: module 'inspect' has no attribute 'getargspec'</msg>
<msg time="2024-06-16T21:53:20.696263" level="ERROR">Error in library 'SeleniumLibrary': Adding keyword 'get_cookies' failed: Calling dynamic method 'get_keyword_arguments' failed: AttributeError: module 'inspect' has no attribute 'getargspec'</msg>
<msg time="2024-06-16T21:53:20.696263" level="ERROR">Error in library 'SeleniumLibrary': Adding keyword 'get_element_attribute' failed: Calling dynamic method 'get_keyword_arguments' failed: AttributeError: module 'inspect' has no attribute 'getargspec'</msg>
<msg time="2024-06-16T21:53:20.696263" level="ERROR">Error in library 'SeleniumLibrary': Adding keyword 'get_element_count' failed: Calling dynamic method 'get_keyword_arguments' failed: AttributeError: module 'inspect' has no attribute 'getargspec'</msg>
<msg time="2024-06-16T21:53:20.696263" level="ERROR">Error in library 'SeleniumLibrary': Adding keyword 'get_element_size' failed: Calling dynamic method 'get_keyword_arguments' failed: AttributeError: module 'inspect' has no attribute 'getargspec'</msg>
<msg time="2024-06-16T21:53:20.696263" level="ERROR">Error in library 'SeleniumLibrary': Adding keyword 'get_horizontal_position' failed: Calling dynamic method 'get_keyword_arguments' failed: AttributeError: module 'inspect' has no attribute 'getargspec'</msg>
<msg time="2024-06-16T21:53:20.696263" level="ERROR">Error in library 'SeleniumLibrary': Adding keyword 'get_list_items' failed: Calling dynamic method 'get_keyword_arguments' failed: AttributeError: module 'inspect' has no attribute 'getargspec'</msg>
<msg time="2024-06-16T21:53:20.711968" level="ERROR">Error in library 'SeleniumLibrary': Adding keyword 'get_location' failed: Calling dynamic method 'get_keyword_arguments' failed: AttributeError: module 'inspect' has no attribute 'getargspec'</msg>
<msg time="2024-06-16T21:53:20.711968" level="ERROR">Error in library 'SeleniumLibrary': Adding keyword 'get_locations' failed: Calling dynamic method 'get_keyword_arguments' failed: AttributeError: module 'inspect' has no attribute 'getargspec'</msg>
<msg time="2024-06-16T21:53:20.711968" level="ERROR">Error in library 'SeleniumLibrary': Adding keyword 'get_matching_xpath_count' failed: Calling dynamic method 'get_keyword_arguments' failed: AttributeError: module 'inspect' has no attribute 'getargspec'</msg>
<msg time="2024-06-16T21:53:20.711968" level="ERROR">Error in library 'SeleniumLibrary': Adding keyword 'get_selected_list_label' failed: Calling dynamic method 'get_keyword_arguments' failed: AttributeError: module 'inspect' has no attribute 'getargspec'</msg>
<msg time="2024-06-16T21:53:20.711968" level="ERROR">Error in library 'SeleniumLibrary': Adding keyword 'get_selected_list_labels' failed: Calling dynamic method 'get_keyword_arguments' failed: AttributeError: module 'inspect' has no attribute 'getargspec'</msg>
<msg time="2024-06-16T21:53:20.711968" level="ERROR">Error in library 'SeleniumLibrary': Adding keyword 'get_selected_list_value' failed: Calling dynamic method 'get_keyword_arguments' failed: AttributeError: module 'inspect' has no attribute 'getargspec'</msg>
<msg time="2024-06-16T21:53:20.711968" level="ERROR">Error in library 'SeleniumLibrary': Adding keyword 'get_selected_list_values' failed: Calling dynamic method 'get_keyword_arguments' failed: AttributeError: module 'inspect' has no attribute 'getargspec'</msg>
<msg time="2024-06-16T21:53:20.711968" level="ERROR">Error in library 'SeleniumLibrary': Adding keyword 'get_selenium_implicit_wait' failed: Calling dynamic method 'get_keyword_arguments' failed: AttributeError: module 'inspect' has no attribute 'getargspec'</msg>
<msg time="2024-06-16T21:53:20.711968" level="ERROR">Error in library 'SeleniumLibrary': Adding keyword 'get_selenium_speed' failed: Calling dynamic method 'get_keyword_arguments' failed: AttributeError: module 'inspect' has no attribute 'getargspec'</msg>
<msg time="2024-06-16T21:53:20.727934" level="ERROR">Error in library 'SeleniumLibrary': Adding keyword 'get_selenium_timeout' failed: Calling dynamic method 'get_keyword_arguments' failed: AttributeError: module 'inspect' has no attribute 'getargspec'</msg>
<msg time="2024-06-16T21:53:20.727934" level="ERROR">Error in library 'SeleniumLibrary': Adding keyword 'get_source' failed: Calling dynamic method 'get_keyword_arguments' failed: AttributeError: module 'inspect' has no attribute 'getargspec'</msg>
<msg time="2024-06-16T21:53:20.727934" level="ERROR">Error in library 'SeleniumLibrary': Adding keyword 'get_table_cell' failed: Calling dynamic method 'get_keyword_arguments' failed: AttributeError: module 'inspect' has no attribute 'getargspec'</msg>
<msg time="2024-06-16T21:53:20.727934" level="ERROR">Error in library 'SeleniumLibrary': Adding keyword 'get_text' failed: Calling dynamic method 'get_keyword_arguments' failed: AttributeError: module 'inspect' has no attribute 'getargspec'</msg>
<msg time="2024-06-16T21:53:20.727934" level="ERROR">Error in library 'SeleniumLibrary': Adding keyword 'get_title' failed: Calling dynamic method 'get_keyword_arguments' failed: AttributeError: module 'inspect' has no attribute 'getargspec'</msg>
<msg time="2024-06-16T21:53:20.727934" level="ERROR">Error in library 'SeleniumLibrary': Adding keyword 'get_value' failed: Calling dynamic method 'get_keyword_arguments' failed: AttributeError: module 'inspect' has no attribute 'getargspec'</msg>
<msg time="2024-06-16T21:53:20.727934" level="ERROR">Error in library 'SeleniumLibrary': Adding keyword 'get_vertical_position' failed: Calling dynamic method 'get_keyword_arguments' failed: AttributeError: module 'inspect' has no attribute 'getargspec'</msg>
<msg time="2024-06-16T21:53:20.727934" level="ERROR">Error in library 'SeleniumLibrary': Adding keyword 'get_window_handles' failed: Calling dynamic method 'get_keyword_arguments' failed: AttributeError: module 'inspect' has no attribute 'getargspec'</msg>
<msg time="2024-06-16T21:53:20.727934" level="ERROR">Error in library 'SeleniumLibrary': Adding keyword 'get_window_identifiers' failed: Calling dynamic method 'get_keyword_arguments' failed: AttributeError: module 'inspect' has no attribute 'getargspec'</msg>
<msg time="2024-06-16T21:53:20.727934" level="ERROR">Error in library 'SeleniumLibrary': Adding keyword 'get_window_names' failed: Calling dynamic method 'get_keyword_arguments' failed: AttributeError: module 'inspect' has no attribute 'getargspec'</msg>
<msg time="2024-06-16T21:53:20.727934" level="ERROR">Error in library 'SeleniumLibrary': Adding keyword 'get_window_position' failed: Calling dynamic method 'get_keyword_arguments' failed: AttributeError: module 'inspect' has no attribute 'getargspec'</msg>
<msg time="2024-06-16T21:53:20.727934" level="ERROR">Error in library 'SeleniumLibrary': Adding keyword 'get_window_size' failed: Calling dynamic method 'get_keyword_arguments' failed: AttributeError: module 'inspect' has no attribute 'getargspec'</msg>
<msg time="2024-06-16T21:53:20.727934" level="ERROR">Error in library 'SeleniumLibrary': Adding keyword 'get_window_titles' failed: Calling dynamic method 'get_keyword_arguments' failed: AttributeError: module 'inspect' has no attribute 'getargspec'</msg>
<msg time="2024-06-16T21:53:20.727934" level="ERROR">Error in library 'SeleniumLibrary': Adding keyword 'go_back' failed: Calling dynamic method 'get_keyword_arguments' failed: AttributeError: module 'inspect' has no attribute 'getargspec'</msg>
<msg time="2024-06-16T21:53:20.727934" level="ERROR">Error in library 'SeleniumLibrary': Adding keyword 'go_to' failed: Calling dynamic method 'get_keyword_arguments' failed: AttributeError: module 'inspect' has no attribute 'getargspec'</msg>
<msg time="2024-06-16T21:53:20.727934" level="ERROR">Error in library 'SeleniumLibrary': Adding keyword 'handle_alert' failed: Calling dynamic method 'get_keyword_arguments' failed: AttributeError: module 'inspect' has no attribute 'getargspec'</msg>
<msg time="2024-06-16T21:53:20.727934" level="ERROR">Error in library 'SeleniumLibrary': Adding keyword 'input_password' failed: Calling dynamic method 'get_keyword_arguments' failed: AttributeError: module 'inspect' has no attribute 'getargspec'</msg>
<msg time="2024-06-16T21:53:20.727934" level="ERROR">Error in library 'SeleniumLibrary': Adding keyword 'input_text' failed: Calling dynamic method 'get_keyword_arguments' failed: AttributeError: module 'inspect' has no attribute 'getargspec'</msg>
<msg time="2024-06-16T21:53:20.727934" level="ERROR">Error in library 'SeleniumLibrary': Adding keyword 'input_text_into_alert' failed: Calling dynamic method 'get_keyword_arguments' failed: AttributeError: module 'inspect' has no attribute 'getargspec'</msg>
<msg time="2024-06-16T21:53:20.727934" level="ERROR">Error in library 'SeleniumLibrary': Adding keyword 'input_text_into_prompt' failed: Calling dynamic method 'get_keyword_arguments' failed: AttributeError: module 'inspect' has no attribute 'getargspec'</msg>
<msg time="2024-06-16T21:53:20.727934" level="ERROR">Error in library 'SeleniumLibrary': Adding keyword 'list_selection_should_be' failed: Calling dynamic method 'get_keyword_arguments' failed: AttributeError: module 'inspect' has no attribute 'getargspec'</msg>
<msg time="2024-06-16T21:53:20.743720" level="ERROR">Error in library 'SeleniumLibrary': Adding keyword 'list_should_have_no_selections' failed: Calling dynamic method 'get_keyword_arguments' failed: AttributeError: module 'inspect' has no attribute 'getargspec'</msg>
<msg time="2024-06-16T21:53:20.743720" level="ERROR">Error in library 'SeleniumLibrary': Adding keyword 'list_windows' failed: Calling dynamic method 'get_keyword_arguments' failed: AttributeError: module 'inspect' has no attribute 'getargspec'</msg>
<msg time="2024-06-16T21:53:20.743720" level="ERROR">Error in library 'SeleniumLibrary': Adding keyword 'location_should_be' failed: Calling dynamic method 'get_keyword_arguments' failed: AttributeError: module 'inspect' has no attribute 'getargspec'</msg>
<msg time="2024-06-16T21:53:20.743720" level="ERROR">Error in library 'SeleniumLibrary': Adding keyword 'location_should_contain' failed: Calling dynamic method 'get_keyword_arguments' failed: AttributeError: module 'inspect' has no attribute 'getargspec'</msg>
<msg time="2024-06-16T21:53:20.743720" level="ERROR">Error in library 'SeleniumLibrary': Adding keyword 'locator_should_match_x_times' failed: Calling dynamic method 'get_keyword_arguments' failed: AttributeError: module 'inspect' has no attribute 'getargspec'</msg>
<msg time="2024-06-16T21:53:20.743720" level="ERROR">Error in library 'SeleniumLibrary': Adding keyword 'log_location' failed: Calling dynamic method 'get_keyword_arguments' failed: AttributeError: module 'inspect' has no attribute 'getargspec'</msg>
<msg time="2024-06-16T21:53:20.743720" level="ERROR">Error in library 'SeleniumLibrary': Adding keyword 'log_source' failed: Calling dynamic method 'get_keyword_arguments' failed: AttributeError: module 'inspect' has no attribute 'getargspec'</msg>
<msg time="2024-06-16T21:53:20.743720" level="ERROR">Error in library 'SeleniumLibrary': Adding keyword 'log_title' failed: Calling dynamic method 'get_keyword_arguments' failed: AttributeError: module 'inspect' has no attribute 'getargspec'</msg>
<msg time="2024-06-16T21:53:20.743720" level="ERROR">Error in library 'SeleniumLibrary': Adding keyword 'maximize_browser_window' failed: Calling dynamic method 'get_keyword_arguments' failed: AttributeError: module 'inspect' has no attribute 'getargspec'</msg>
<msg time="2024-06-16T21:53:20.743720" level="ERROR">Error in library 'SeleniumLibrary': Adding keyword 'mouse_down' failed: Calling dynamic method 'get_keyword_arguments' failed: AttributeError: module 'inspect' has no attribute 'getargspec'</msg>
<msg time="2024-06-16T21:53:20.743720" level="ERROR">Error in library 'SeleniumLibrary': Adding keyword 'mouse_down_on_image' failed: Calling dynamic method 'get_keyword_arguments' failed: AttributeError: module 'inspect' has no attribute 'getargspec'</msg>
<msg time="2024-06-16T21:53:20.759596" level="ERROR">Error in library 'SeleniumLibrary': Adding keyword 'mouse_down_on_link' failed: Calling dynamic method 'get_keyword_arguments' failed: AttributeError: module 'inspect' has no attribute 'getargspec'</msg>
<msg time="2024-06-16T21:53:20.759596" level="ERROR">Error in library 'SeleniumLibrary': Adding keyword 'mouse_out' failed: Calling dynamic method 'get_keyword_arguments' failed: AttributeError: module 'inspect' has no attribute 'getargspec'</msg>
<msg time="2024-06-16T21:53:20.759596" level="ERROR">Error in library 'SeleniumLibrary': Adding keyword 'mouse_over' failed: Calling dynamic method 'get_keyword_arguments' failed: AttributeError: module 'inspect' has no attribute 'getargspec'</msg>
<msg time="2024-06-16T21:53:20.759596" level="ERROR">Error in library 'SeleniumLibrary': Adding keyword 'mouse_up' failed: Calling dynamic method 'get_keyword_arguments' failed: AttributeError: module 'inspect' has no attribute 'getargspec'</msg>
<msg time="2024-06-16T21:53:20.759596" level="ERROR">Error in library 'SeleniumLibrary': Adding keyword 'open_browser' failed: Calling dynamic method 'get_keyword_arguments' failed: AttributeError: module 'inspect' has no attribute 'getargspec'</msg>
<msg time="2024-06-16T21:53:20.759596" level="ERROR">Error in library 'SeleniumLibrary': Adding keyword 'open_context_menu' failed: Calling dynamic method 'get_keyword_arguments' failed: AttributeError: module 'inspect' has no attribute 'getargspec'</msg>
<msg time="2024-06-16T21:53:20.759596" level="ERROR">Error in library 'SeleniumLibrary': Adding keyword 'page_should_contain' failed: Calling dynamic method 'get_keyword_arguments' failed: AttributeError: module 'inspect' has no attribute 'getargspec'</msg>
<msg time="2024-06-16T21:53:20.759596" level="ERROR">Error in library 'SeleniumLibrary': Adding keyword 'page_should_contain_button' failed: Calling dynamic method 'get_keyword_arguments' failed: AttributeError: module 'inspect' has no attribute 'getargspec'</msg>
<msg time="2024-06-16T21:53:20.759596" level="ERROR">Error in library 'SeleniumLibrary': Adding keyword 'page_should_contain_checkbox' failed: Calling dynamic method 'get_keyword_arguments' failed: AttributeError: module 'inspect' has no attribute 'getargspec'</msg>
<msg time="2024-06-16T21:53:20.759596" level="ERROR">Error in library 'SeleniumLibrary': Adding keyword 'page_should_contain_element' failed: Calling dynamic method 'get_keyword_arguments' failed: AttributeError: module 'inspect' has no attribute 'getargspec'</msg>
<msg time="2024-06-16T21:53:20.759596" level="ERROR">Error in library 'SeleniumLibrary': Adding keyword 'page_should_contain_image' failed: Calling dynamic method 'get_keyword_arguments' failed: AttributeError: module 'inspect' has no attribute 'getargspec'</msg>
<msg time="2024-06-16T21:53:20.759596" level="ERROR">Error in library 'SeleniumLibrary': Adding keyword 'page_should_contain_link' failed: Calling dynamic method 'get_keyword_arguments' failed: AttributeError: module 'inspect' has no attribute 'getargspec'</msg>
<msg time="2024-06-16T21:53:20.759596" level="ERROR">Error in library 'SeleniumLibrary': Adding keyword 'page_should_contain_list' failed: Calling dynamic method 'get_keyword_arguments' failed: AttributeError: module 'inspect' has no attribute 'getargspec'</msg>
<msg time="2024-06-16T21:53:20.759596" level="ERROR">Error in library 'SeleniumLibrary': Adding keyword 'page_should_contain_radio_button' failed: Calling dynamic method 'get_keyword_arguments' failed: AttributeError: module 'inspect' has no attribute 'getargspec'</msg>
<msg time="2024-06-16T21:53:20.759596" level="ERROR">Error in library 'SeleniumLibrary': Adding keyword 'page_should_contain_textfield' failed: Calling dynamic method 'get_keyword_arguments' failed: AttributeError: module 'inspect' has no attribute 'getargspec'</msg>
<msg time="2024-06-16T21:53:20.759596" level="ERROR">Error in library 'SeleniumLibrary': Adding keyword 'page_should_not_contain' failed: Calling dynamic method 'get_keyword_arguments' failed: AttributeError: module 'inspect' has no attribute 'getargspec'</msg>
<msg time="2024-06-16T21:53:20.759596" level="ERROR">Error in library 'SeleniumLibrary': Adding keyword 'page_should_not_contain_button' failed: Calling dynamic method 'get_keyword_arguments' failed: AttributeError: module 'inspect' has no attribute 'getargspec'</msg>
<msg time="2024-06-16T21:53:20.759596" level="ERROR">Error in library 'SeleniumLibrary': Adding keyword 'page_should_not_contain_checkbox' failed: Calling dynamic method 'get_keyword_arguments' failed: AttributeError: module 'inspect' has no attribute 'getargspec'</msg>
<msg time="2024-06-16T21:53:20.759596" level="ERROR">Error in library 'SeleniumLibrary': Adding keyword 'page_should_not_contain_element' failed: Calling dynamic method 'get_keyword_arguments' failed: AttributeError: module 'inspect' has no attribute 'getargspec'</msg>
<msg time="2024-06-16T21:53:20.759596" level="ERROR">Error in library 'SeleniumLibrary': Adding keyword 'page_should_not_contain_image' failed: Calling dynamic method 'get_keyword_arguments' failed: AttributeError: module 'inspect' has no attribute 'getargspec'</msg>
<msg time="2024-06-16T21:53:20.759596" level="ERROR">Error in library 'SeleniumLibrary': Adding keyword 'page_should_not_contain_link' failed: Calling dynamic method 'get_keyword_arguments' failed: AttributeError: module 'inspect' has no attribute 'getargspec'</msg>
<msg time="2024-06-16T21:53:20.759596" level="ERROR">Error in library 'SeleniumLibrary': Adding keyword 'page_should_not_contain_list' failed: Calling dynamic method 'get_keyword_arguments' failed: AttributeError: module 'inspect' has no attribute 'getargspec'</msg>
<msg time="2024-06-16T21:53:20.759596" level="ERROR">Error in library 'SeleniumLibrary': Adding keyword 'page_should_not_contain_radio_button' failed: Calling dynamic method 'get_keyword_arguments' failed: AttributeError: module 'inspect' has no attribute 'getargspec'</msg>
<msg time="2024-06-16T21:53:20.775286" level="ERROR">Error in library 'SeleniumLibrary': Adding keyword 'page_should_not_contain_textfield' failed: Calling dynamic method 'get_keyword_arguments' failed: AttributeError: module 'inspect' has no attribute 'getargspec'</msg>
<msg time="2024-06-16T21:53:20.775286" level="ERROR">Error in library 'SeleniumLibrary': Adding keyword 'press_key' failed: Calling dynamic method 'get_keyword_arguments' failed: AttributeError: module 'inspect' has no attribute 'getargspec'</msg>
<msg time="2024-06-16T21:53:20.775286" level="ERROR">Error in library 'SeleniumLibrary': Adding keyword 'radio_button_should_be_set_to' failed: Calling dynamic method 'get_keyword_arguments' failed: AttributeError: module 'inspect' has no attribute 'getargspec'</msg>
<msg time="2024-06-16T21:53:20.775286" level="ERROR">Error in library 'SeleniumLibrary': Adding keyword 'radio_button_should_not_be_selected' failed: Calling dynamic method 'get_keyword_arguments' failed: AttributeError: module 'inspect' has no attribute 'getargspec'</msg>
<msg time="2024-06-16T21:53:20.775286" level="ERROR">Error in library 'SeleniumLibrary': Adding keyword 'register_keyword_to_run_on_failure' failed: Calling dynamic method 'get_keyword_arguments' failed: AttributeError: module 'inspect' has no attribute 'getargspec'</msg>
<msg time="2024-06-16T21:53:20.775286" level="ERROR">Error in library 'SeleniumLibrary': Adding keyword 'reload_page' failed: Calling dynamic method 'get_keyword_arguments' failed: AttributeError: module 'inspect' has no attribute 'getargspec'</msg>
<msg time="2024-06-16T21:53:20.775286" level="ERROR">Error in library 'SeleniumLibrary': Adding keyword 'remove_location_strategy' failed: Calling dynamic method 'get_keyword_arguments' failed: AttributeError: module 'inspect' has no attribute 'getargspec'</msg>
<msg time="2024-06-16T21:53:20.775286" level="ERROR">Error in library 'SeleniumLibrary': Adding keyword 'select_all_from_list' failed: Calling dynamic method 'get_keyword_arguments' failed: AttributeError: module 'inspect' has no attribute 'getargspec'</msg>
<msg time="2024-06-16T21:53:20.775286" level="ERROR">Error in library 'SeleniumLibrary': Adding keyword 'select_checkbox' failed: Calling dynamic method 'get_keyword_arguments' failed: AttributeError: module 'inspect' has no attribute 'getargspec'</msg>
<msg time="2024-06-16T21:53:20.775286" level="ERROR">Error in library 'SeleniumLibrary': Adding keyword 'select_frame' failed: Calling dynamic method 'get_keyword_arguments' failed: AttributeError: module 'inspect' has no attribute 'getargspec'</msg>
<msg time="2024-06-16T21:53:20.775286" level="ERROR">Error in library 'SeleniumLibrary': Adding keyword 'select_from_list' failed: Calling dynamic method 'get_keyword_arguments' failed: AttributeError: module 'inspect' has no attribute 'getargspec'</msg>
<msg time="2024-06-16T21:53:20.775286" level="ERROR">Error in library 'SeleniumLibrary': Adding keyword 'select_from_list_by_index' failed: Calling dynamic method 'get_keyword_arguments' failed: AttributeError: module 'inspect' has no attribute 'getargspec'</msg>
<msg time="2024-06-16T21:53:20.775286" level="ERROR">Error in library 'SeleniumLibrary': Adding keyword 'select_from_list_by_label' failed: Calling dynamic method 'get_keyword_arguments' failed: AttributeError: module 'inspect' has no attribute 'getargspec'</msg>
<msg time="2024-06-16T21:53:20.775286" level="ERROR">Error in library 'SeleniumLibrary': Adding keyword 'select_from_list_by_value' failed: Calling dynamic method 'get_keyword_arguments' failed: AttributeError: module 'inspect' has no attribute 'getargspec'</msg>
<msg time="2024-06-16T21:53:20.775286" level="ERROR">Error in library 'SeleniumLibrary': Adding keyword 'select_radio_button' failed: Calling dynamic method 'get_keyword_arguments' failed: AttributeError: module 'inspect' has no attribute 'getargspec'</msg>
<msg time="2024-06-16T21:53:20.775286" level="ERROR">Error in library 'SeleniumLibrary': Adding keyword 'select_window' failed: Calling dynamic method 'get_keyword_arguments' failed: AttributeError: module 'inspect' has no attribute 'getargspec'</msg>
<msg time="2024-06-16T21:53:20.775286" level="ERROR">Error in library 'SeleniumLibrary': Adding keyword 'set_browser_implicit_wait' failed: Calling dynamic method 'get_keyword_arguments' failed: AttributeError: module 'inspect' has no attribute 'getargspec'</msg>
<msg time="2024-06-16T21:53:20.775286" level="ERROR">Error in library 'SeleniumLibrary': Adding keyword 'set_focus_to_element' failed: Calling dynamic method 'get_keyword_arguments' failed: AttributeError: module 'inspect' has no attribute 'getargspec'</msg>
<msg time="2024-06-16T21:53:20.791253" level="ERROR">Error in library 'SeleniumLibrary': Adding keyword 'set_screenshot_directory' failed: Calling dynamic method 'get_keyword_arguments' failed: AttributeError: module 'inspect' has no attribute 'getargspec'</msg>
<msg time="2024-06-16T21:53:20.791253" level="ERROR">Error in library 'SeleniumLibrary': Adding keyword 'set_selenium_implicit_wait' failed: Calling dynamic method 'get_keyword_arguments' failed: AttributeError: module 'inspect' has no attribute 'getargspec'</msg>
<msg time="2024-06-16T21:53:20.791253" level="ERROR">Error in library 'SeleniumLibrary': Adding keyword 'set_selenium_speed' failed: Calling dynamic method 'get_keyword_arguments' failed: AttributeError: module 'inspect' has no attribute 'getargspec'</msg>
<msg time="2024-06-16T21:53:20.791253" level="ERROR">Error in library 'SeleniumLibrary': Adding keyword 'set_selenium_timeout' failed: Calling dynamic method 'get_keyword_arguments' failed: AttributeError: module 'inspect' has no attribute 'getargspec'</msg>
<msg time="2024-06-16T21:53:20.791253" level="ERROR">Error in library 'SeleniumLibrary': Adding keyword 'set_window_position' failed: Calling dynamic method 'get_keyword_arguments' failed: AttributeError: module 'inspect' has no attribute 'getargspec'</msg>
<msg time="2024-06-16T21:53:20.791253" level="ERROR">Error in library 'SeleniumLibrary': Adding keyword 'set_window_size' failed: Calling dynamic method 'get_keyword_arguments' failed: AttributeError: module 'inspect' has no attribute 'getargspec'</msg>
<msg time="2024-06-16T21:53:20.791253" level="ERROR">Error in library 'SeleniumLibrary': Adding keyword 'simulate' failed: Calling dynamic method 'get_keyword_arguments' failed: AttributeError: module 'inspect' has no attribute 'getargspec'</msg>
<msg time="2024-06-16T21:53:20.791253" level="ERROR">Error in library 'SeleniumLibrary': Adding keyword 'simulate_event' failed: Calling dynamic method 'get_keyword_arguments' failed: AttributeError: module 'inspect' has no attribute 'getargspec'</msg>
<msg time="2024-06-16T21:53:20.791253" level="ERROR">Error in library 'SeleniumLibrary': Adding keyword 'submit_form' failed: Calling dynamic method 'get_keyword_arguments' failed: AttributeError: module 'inspect' has no attribute 'getargspec'</msg>
<msg time="2024-06-16T21:53:20.791253" level="ERROR">Error in library 'SeleniumLibrary': Adding keyword 'switch_browser' failed: Calling dynamic method 'get_keyword_arguments' failed: AttributeError: module 'inspect' has no attribute 'getargspec'</msg>
<msg time="2024-06-16T21:53:20.791253" level="ERROR">Error in library 'SeleniumLibrary': Adding keyword 'table_cell_should_contain' failed: Calling dynamic method 'get_keyword_arguments' failed: AttributeError: module 'inspect' has no attribute 'getargspec'</msg>
<msg time="2024-06-16T21:53:20.791253" level="ERROR">Error in library 'SeleniumLibrary': Adding keyword 'table_column_should_contain' failed: Calling dynamic method 'get_keyword_arguments' failed: AttributeError: module 'inspect' has no attribute 'getargspec'</msg>
<msg time="2024-06-16T21:53:20.791253" level="ERROR">Error in library 'SeleniumLibrary': Adding keyword 'table_footer_should_contain' failed: Calling dynamic method 'get_keyword_arguments' failed: AttributeError: module 'inspect' has no attribute 'getargspec'</msg>
<msg time="2024-06-16T21:53:20.791253" level="ERROR">Error in library 'SeleniumLibrary': Adding keyword 'table_header_should_contain' failed: Calling dynamic method 'get_keyword_arguments' failed: AttributeError: module 'inspect' has no attribute 'getargspec'</msg>
<msg time="2024-06-16T21:53:20.791253" level="ERROR">Error in library 'SeleniumLibrary': Adding keyword 'table_row_should_contain' failed: Calling dynamic method 'get_keyword_arguments' failed: AttributeError: module 'inspect' has no attribute 'getargspec'</msg>
<msg time="2024-06-16T21:53:20.791253" level="ERROR">Error in library 'SeleniumLibrary': Adding keyword 'table_should_contain' failed: Calling dynamic method 'get_keyword_arguments' failed: AttributeError: module 'inspect' has no attribute 'getargspec'</msg>
<msg time="2024-06-16T21:53:20.791253" level="ERROR">Error in library 'SeleniumLibrary': Adding keyword 'textarea_should_contain' failed: Calling dynamic method 'get_keyword_arguments' failed: AttributeError: module 'inspect' has no attribute 'getargspec'</msg>
<msg time="2024-06-16T21:53:20.791253" level="ERROR">Error in library 'SeleniumLibrary': Adding keyword 'textarea_value_should_be' failed: Calling dynamic method 'get_keyword_arguments' failed: AttributeError: module 'inspect' has no attribute 'getargspec'</msg>
<msg time="2024-06-16T21:53:20.791253" level="ERROR">Error in library 'SeleniumLibrary': Adding keyword 'textfield_should_contain' failed: Calling dynamic method 'get_keyword_arguments' failed: AttributeError: module 'inspect' has no attribute 'getargspec'</msg>
<msg time="2024-06-16T21:53:20.791253" level="ERROR">Error in library 'SeleniumLibrary': Adding keyword 'textfield_value_should_be' failed: Calling dynamic method 'get_keyword_arguments' failed: AttributeError: module 'inspect' has no attribute 'getargspec'</msg>
<msg time="2024-06-16T21:53:20.791253" level="ERROR">Error in library 'SeleniumLibrary': Adding keyword 'title_should_be' failed: Calling dynamic method 'get_keyword_arguments' failed: AttributeError: module 'inspect' has no attribute 'getargspec'</msg>
<msg time="2024-06-16T21:53:20.791253" level="ERROR">Error in library 'SeleniumLibrary': Adding keyword 'unselect_all_from_list' failed: Calling dynamic method 'get_keyword_arguments' failed: AttributeError: module 'inspect' has no attribute 'getargspec'</msg>
<msg time="2024-06-16T21:53:20.791253" level="ERROR">Error in library 'SeleniumLibrary': Adding keyword 'unselect_checkbox' failed: Calling dynamic method 'get_keyword_arguments' failed: AttributeError: module 'inspect' has no attribute 'getargspec'</msg>
<msg time="2024-06-16T21:53:20.791253" level="ERROR">Error in library 'SeleniumLibrary': Adding keyword 'unselect_frame' failed: Calling dynamic method 'get_keyword_arguments' failed: AttributeError: module 'inspect' has no attribute 'getargspec'</msg>
<msg time="2024-06-16T21:53:20.791253" level="ERROR">Error in library 'SeleniumLibrary': Adding keyword 'unselect_from_list' failed: Calling dynamic method 'get_keyword_arguments' failed: AttributeError: module 'inspect' has no attribute 'getargspec'</msg>
<msg time="2024-06-16T21:53:20.791253" level="ERROR">Error in library 'SeleniumLibrary': Adding keyword 'unselect_from_list_by_index' failed: Calling dynamic method 'get_keyword_arguments' failed: AttributeError: module 'inspect' has no attribute 'getargspec'</msg>
<msg time="2024-06-16T21:53:20.791253" level="ERROR">Error in library 'SeleniumLibrary': Adding keyword 'unselect_from_list_by_label' failed: Calling dynamic method 'get_keyword_arguments' failed: AttributeError: module 'inspect' has no attribute 'getargspec'</msg>
<msg time="2024-06-16T21:53:20.791253" level="ERROR">Error in library 'SeleniumLibrary': Adding keyword 'unselect_from_list_by_value' failed: Calling dynamic method 'get_keyword_arguments' failed: AttributeError: module 'inspect' has no attribute 'getargspec'</msg>
<msg time="2024-06-16T21:53:20.791253" level="ERROR">Error in library 'SeleniumLibrary': Adding keyword 'wait_for_condition' failed: Calling dynamic method 'get_keyword_arguments' failed: AttributeError: module 'inspect' has no attribute 'getargspec'</msg>
<msg time="2024-06-16T21:53:20.791253" level="ERROR">Error in library 'SeleniumLibrary': Adding keyword 'wait_until_element_contains' failed: Calling dynamic method 'get_keyword_arguments' failed: AttributeError: module 'inspect' has no attribute 'getargspec'</msg>
<msg time="2024-06-16T21:53:20.791253" level="ERROR">Error in library 'SeleniumLibrary': Adding keyword 'wait_until_element_does_not_contain' failed: Calling dynamic method 'get_keyword_arguments' failed: AttributeError: module 'inspect' has no attribute 'getargspec'</msg>
<msg time="2024-06-16T21:53:20.791253" level="ERROR">Error in library 'SeleniumLibrary': Adding keyword 'wait_until_element_is_enabled' failed: Calling dynamic method 'get_keyword_arguments' failed: AttributeError: module 'inspect' has no attribute 'getargspec'</msg>
<msg time="2024-06-16T21:53:20.791253" level="ERROR">Error in library 'SeleniumLibrary': Adding keyword 'wait_until_element_is_not_visible' failed: Calling dynamic method 'get_keyword_arguments' failed: AttributeError: module 'inspect' has no attribute 'getargspec'</msg>
<msg time="2024-06-16T21:53:20.791253" level="ERROR">Error in library 'SeleniumLibrary': Adding keyword 'wait_until_element_is_visible' failed: Calling dynamic method 'get_keyword_arguments' failed: AttributeError: module 'inspect' has no attribute 'getargspec'</msg>
<msg time="2024-06-16T21:53:20.791253" level="ERROR">Error in library 'SeleniumLibrary': Adding keyword 'wait_until_page_contains' failed: Calling dynamic method 'get_keyword_arguments' failed: AttributeError: module 'inspect' has no attribute 'getargspec'</msg>
<msg time="2024-06-16T21:53:20.791253" level="ERROR">Error in library 'SeleniumLibrary': Adding keyword 'wait_until_page_contains_element' failed: Calling dynamic method 'get_keyword_arguments' failed: AttributeError: module 'inspect' has no attribute 'getargspec'</msg>
<msg time="2024-06-16T21:53:20.807277" level="ERROR">Error in library 'SeleniumLibrary': Adding keyword 'wait_until_page_does_not_contain' failed: Calling dynamic method 'get_keyword_arguments' failed: AttributeError: module 'inspect' has no attribute 'getargspec'</msg>
<msg time="2024-06-16T21:53:20.807277" level="ERROR">Error in library 'SeleniumLibrary': Adding keyword 'wait_until_page_does_not_contain_element' failed: Calling dynamic method 'get_keyword_arguments' failed: AttributeError: module 'inspect' has no attribute 'getargspec'</msg>
<msg time="2024-06-16T21:53:20.807277" level="ERROR">Error in library 'SeleniumLibrary': Adding keyword 'xpath_should_match_x_times' failed: Calling dynamic method 'get_keyword_arguments' failed: AttributeError: module 'inspect' has no attribute 'getargspec'</msg>
</errors>
</robot>
